\BOOKMARK [1][-]{section.1}{Introduction}{}% 1
\BOOKMARK [1][-]{section.2}{Examples}{}% 2
\BOOKMARK [2][-]{subsection.2.1}{IO Functions}{section.2}% 3
\BOOKMARK [3][-]{subsubsection.2.1.1}{Input management}{subsection.2.1}% 4
\BOOKMARK [3][-]{subsubsection.2.1.2}{Output management}{subsection.2.1}% 5
\BOOKMARK [2][-]{subsection.2.2}{New Types}{section.2}% 6
\BOOKMARK [3][-]{subsubsection.2.2.1}{Double}{subsection.2.2}% 7
\BOOKMARK [3][-]{subsubsection.2.2.2}{Array of any Types}{subsection.2.2}% 8
\BOOKMARK [3][-]{subsubsection.2.2.3}{Array of more than one dimension}{subsection.2.2}% 9
\BOOKMARK [2][-]{subsection.2.3}{Parametrized constructor}{section.2}% 10
\BOOKMARK [1][-]{section.3}{Implementation}{}% 11
\BOOKMARK [2][-]{subsection.3.1}{Theoretical Background}{section.3}% 12
\BOOKMARK [2][-]{subsection.3.2}{Implementations Details}{section.3}% 13
\BOOKMARK [3][-]{subsubsection.3.2.1}{Tool Classes and inheritance}{subsection.3.2}% 14
\BOOKMARK [3][-]{subsubsection.3.2.2}{Imitating the environnement of a shell}{subsection.3.2}% 15
\BOOKMARK [3][-]{subsubsection.3.2.3}{Input management}{subsection.3.2}% 16
\BOOKMARK [3][-]{subsubsection.3.2.4}{Double in Tool and Integer in JavaScript}{subsection.3.2}% 17
\BOOKMARK [3][-]{subsubsection.3.2.5}{Array of any Types \(including arrays of arrays\)}{subsection.3.2}% 18
\BOOKMARK [3][-]{subsubsection.3.2.6}{Parametrized constructor}{subsection.3.2}% 19
\BOOKMARK [3][-]{subsubsection.3.2.7}{Legacy support}{subsection.3.2}% 20
\BOOKMARK [1][-]{section.4}{Current Limitation}{}% 21
\BOOKMARK [1][-]{section.5}{Possible Extensions}{}% 22
